<?xml version="1.0" encoding="UTF-8"?>
<beans xmlns="http://www.springframework.org/schema/beans"
			 xmlns:mongo="http://www.springframework.org/schema/data/mongo"
			 xmlns:xsi="http://www.w3.org/2001/XMLSchema-instance"
			 xsi:schemaLocation="
			 	http://www.springframework.org/schema/beans http://www.springframework.org/schema/beans/spring-beans.xsd
			 	http://www.springframework.org/schema/data/mongo http://www.springframework.org/schema/data/mongo/spring-mongo-1.2.xsd">
	
  <mongo:db-factory dbname="test" host="localhost" port="55551" />
  <mongo:mapping-converter id="converter" db-factory-ref="mongoDbFactory"/>
  <bean id="mongoTemplate" class="org.springframework.data.mongodb.core.MongoTemplate">
     <constructor-arg name="mongoDbFactory" ref="mongoDbFactory" />
  </bean>
	
   <bean id="gridFsTemplate" class="org.springframework.data.mongodb.gridfs.GridFsTemplate">
		<constructor-arg ref="mongoDbFactory" />
		<constructor-arg ref="converter" />
   </bean>
</beans>
